<?xml version="1.0" encoding="UTF-8"?>
<testng-results ignored="0" total="5" passed="5" failed="0" skipped="0">
  <reporter-output>
  </reporter-output>
  <suite started-at="2021-06-05T21:52:04 PDT" name="Default suite" finished-at="2021-06-05T21:53:34 PDT" duration-ms="90545">
    <groups>
    </groups>
    <test started-at="2021-06-05T21:52:04 PDT" name="Default test" finished-at="2021-06-05T21:53:34 PDT" duration-ms="90545">
      <class name="com.Qa.Redfin.PageTests.PropertiesPageTest">
        <test-method is-config="true" signature="CreateReport()[pri:0, instance:com.Qa.Redfin.PageTests.PropertiesPageTest@4681c175]" started-at="2021-06-05T21:52:03 PDT" name="CreateReport" finished-at="2021-06-05T21:52:04 PDT" duration-ms="332" status="PASS">
          <reporter-output>
          </reporter-output>
        </test-method> <!-- CreateReport -->
        <test-method is-config="true" signature="initializeBrowser()[pri:0, instance:com.Qa.Redfin.PageTests.PropertiesPageTest@4681c175]" started-at="2021-06-05T21:52:04 PDT" name="initializeBrowser" finished-at="2021-06-05T21:52:09 PDT" duration-ms="5503" status="PASS">
          <reporter-output>
          </reporter-output>
        </test-method> <!-- initializeBrowser -->
        <test-method signature="enterCityname(java.lang.String)[pri:1, instance:com.Qa.Redfin.PageTests.PropertiesPageTest@4681c175]" started-at="2021-06-05T21:52:09 PDT" name="enterCityname" data-provider="searchKey" finished-at="2021-06-05T21:52:31 PDT" duration-ms="21744" status="PASS">
          <params>
            <param index="0">
              <value>
                <![CDATA[Sunnyvale, CA, USA]]>
              </value>
            </param>
          </params>
          <reporter-output>
          </reporter-output>
        </test-method> <!-- enterCityname -->
        <test-method signature="enterCityname(java.lang.String)[pri:1, instance:com.Qa.Redfin.PageTests.PropertiesPageTest@4681c175]" started-at="2021-06-05T21:52:31 PDT" name="enterCityname" data-provider="searchKey" finished-at="2021-06-05T21:53:11 PDT" duration-ms="40076" status="PASS">
          <params>
            <param index="0">
              <value>
                <![CDATA[Sunnyvale, TX, USA]]>
              </value>
            </param>
          </params>
          <reporter-output>
          </reporter-output>
        </test-method> <!-- enterCityname -->
        <test-method signature="validatepage()[pri:2, instance:com.Qa.Redfin.PageTests.PropertiesPageTest@4681c175]" started-at="2021-06-05T21:53:11 PDT" name="validatepage" finished-at="2021-06-05T21:53:11 PDT" duration-ms="13" status="PASS">
          <reporter-output>
          </reporter-output>
        </test-method> <!-- validatepage -->
        <test-method signature="SelectMinMaxPrices()[pri:3, instance:com.Qa.Redfin.PageTests.PropertiesPageTest@4681c175]" started-at="2021-06-05T21:53:11 PDT" name="SelectMinMaxPrices" finished-at="2021-06-05T21:53:31 PDT" duration-ms="20238" status="PASS">
          <reporter-output>
          </reporter-output>
        </test-method> <!-- SelectMinMaxPrices -->
        <test-method signature="verifyHomes()[pri:4, instance:com.Qa.Redfin.PageTests.PropertiesPageTest@4681c175]" started-at="2021-06-05T21:53:31 PDT" name="verifyHomes" finished-at="2021-06-05T21:53:34 PDT" duration-ms="2797" status="PASS">
          <reporter-output>
          </reporter-output>
        </test-method> <!-- verifyHomes -->
        <test-method is-config="true" signature="tearDown()[pri:0, instance:com.Qa.Redfin.PageTests.PropertiesPageTest@4681c175]" started-at="2021-06-05T21:53:34 PDT" name="tearDown" finished-at="2021-06-05T21:53:34 PDT" duration-ms="143" status="PASS">
          <reporter-output>
          </reporter-output>
        </test-method> <!-- tearDown -->
        <test-method is-config="true" signature="closeReport()[pri:0, instance:com.Qa.Redfin.PageTests.PropertiesPageTest@4681c175]" started-at="2021-06-05T21:53:34 PDT" name="closeReport" finished-at="2021-06-05T21:53:34 PDT" duration-ms="189" status="PASS">
          <reporter-output>
          </reporter-output>
        </test-method> <!-- closeReport -->
      </class> <!-- com.Qa.Redfin.PageTests.PropertiesPageTest -->
    </test> <!-- Default test -->
  </suite> <!-- Default suite -->
</testng-results>
