<?xml version="1.0" encoding="UTF-8"?>
<!-- Generated by org.testng.reporters.JUnitXMLReporter -->
<testsuite ignored="2" hostname="Sayannas-MacBook-Pro.local" failures="0" tests="7" name="Test" time="60.352" errors="0" timestamp="2021-06-05T16:35:12 PDT">
  <testcase classname="com.Qa.Redfin.PageTests.HomePageTest" name="ValidatePageTitle" time="0.298"/>
  <testcase classname="com.Qa.Redfin.PageTests.HomePageTest" name="enterTextInSearchBox" time="0.526"/>
  <testcase classname="com.Qa.Redfin.PageTests.HomePageTest" name="validatePopUp" time="0.241"/>
  <testcase classname="com.Qa.Redfin.PageTests.HomePageTest" name="clickOncity" time="21.654"/>
  <testcase classname="com.Qa.Redfin.PageTests.PropertiesPageTest" name="validatepage" time="0.012"/>
  <testcase classname="com.Qa.Redfin.PageTests.PropertiesPageTest" name="SelectMinMaxPrices" time="0.411"/>
  <testcase classname="com.Qa.Redfin.PageTests.PropertiesPageTest" name="verifyHomes" time="4.196"/>
  <testcase classname="com.Qa.Redfin.Base.TestBase" name="@AfterSuite closeReport" time="0.0">
    <ignored/>
  </testcase> <!-- @AfterSuite closeReport -->
  <testcase classname="com.Qa.Redfin.Base.TestBase" name="@BeforeSuite CreateReport" time="0.0">
    <ignored/>
  </testcase> <!-- @BeforeSuite CreateReport -->
</testsuite> <!-- Test -->
