<?xml version="1.0" encoding="UTF-8"?>
<!-- Generated by org.testng.reporters.JUnitXMLReporter -->
<testsuite ignored="0" hostname="Sayannas-MacBook-Pro.local" failures="0" tests="2" name="Default test" time="65.065" errors="0" timestamp="2021-06-09T22:48:50 PDT">
  <testcase classname="com.Qa.Redfin.PageTests.HomePageTest" name="selectGivenCity" time="23.764"/>
  <testcase classname="com.Qa.Redfin.PageTests.HomePageTest" name="selectGivenCity" time="30.704"/>
</testsuite> <!-- Default test -->
