<?xml version="1.0" encoding="UTF-8"?>
<!-- Generated by org.testng.reporters.JUnitXMLReporter -->
<testsuite ignored="0" hostname="Sayannas-MacBook-Pro.local" failures="0" tests="5" name="Default test" time="90.545" errors="0" timestamp="2021-06-05T21:53:34 PDT">
  <testcase classname="com.Qa.Redfin.PageTests.PropertiesPageTest" name="enterCityname" time="21.744"/>
  <testcase classname="com.Qa.Redfin.PageTests.PropertiesPageTest" name="enterCityname" time="40.076"/>
  <testcase classname="com.Qa.Redfin.PageTests.PropertiesPageTest" name="validatepage" time="0.013"/>
  <testcase classname="com.Qa.Redfin.PageTests.PropertiesPageTest" name="SelectMinMaxPrices" time="20.238"/>
  <testcase classname="com.Qa.Redfin.PageTests.PropertiesPageTest" name="verifyHomes" time="2.797"/>
</testsuite> <!-- Default test -->
